2024-09-21 21:29:57.530 [info] Added views:workbench.panel.markers.view in workbench.panel.markers
2024-09-21 21:29:57.530 [info] Added views:workbench.panel.output in workbench.panel.output
2024-09-21 21:29:57.530 [info] Added views:terminal in terminal
2024-09-21 21:29:57.530 [info] Added views:outline in workbench.view.explorer
2024-09-21 21:29:57.530 [info] Added views:workbench.scm in workbench.view.scm
2024-09-21 21:29:57.530 [info] Added views:workbench.view.search in workbench.view.search
2024-09-21 21:29:57.530 [info] Added views:timeline in workbench.view.explorer
2024-09-21 21:29:57.530 [info] Added views:workbench.explorer.emptyView in workbench.view.explorer
2024-09-21 21:29:57.855 [info] Added views:workbench.debug.variablesView,workbench.debug.watchExpressionsView,workbench.debug.callStackView,workbench.debug.breakPointsView in workbench.view.debug
2024-09-21 21:29:58.214 [info] Added views:~remote.forwardedPorts in ~remote.forwardedPortsContainer
2024-09-21 21:29:58.293 [info] Added views:workbench.panel.repl.view in workbench.panel.repl
2024-09-21 21:29:58.295 [info] Removed views:workbench.debug.breakPointsView,workbench.debug.callStackView,workbench.debug.watchExpressionsView,workbench.debug.variablesView from workbench.view.debug
2024-09-21 21:29:58.296 [info] Added views:workbench.debug.welcome in workbench.view.debug
2024-09-21 21:31:16.899 [info] Added views:workbench.panel.markers.view in workbench.panel.markers
2024-09-21 21:31:16.899 [info] Added views:workbench.panel.output in workbench.panel.output
2024-09-21 21:31:16.899 [info] Added views:terminal in terminal
2024-09-21 21:31:16.899 [info] Added views:outline in workbench.view.explorer
2024-09-21 21:31:16.899 [info] Added views:workbench.scm in workbench.view.scm
2024-09-21 21:31:16.899 [info] Added views:workbench.view.search in workbench.view.search
2024-09-21 21:31:16.899 [info] Added views:timeline in workbench.view.explorer
2024-09-21 21:31:16.899 [info] Added views:workbench.explorer.fileView in workbench.view.explorer
2024-09-21 21:31:17.098 [info] Added views:workbench.debug.variablesView,workbench.debug.watchExpressionsView,workbench.debug.callStackView,workbench.debug.breakPointsView in workbench.view.debug
2024-09-21 21:31:17.411 [info] Added views:~remote.forwardedPorts in ~remote.forwardedPortsContainer
2024-09-21 21:31:17.459 [info] Added views:workbench.panel.repl.view in workbench.panel.repl
2024-09-21 21:31:17.461 [info] Removed views:workbench.debug.breakPointsView,workbench.debug.callStackView,workbench.debug.watchExpressionsView,workbench.debug.variablesView from workbench.view.debug
2024-09-21 21:31:17.461 [info] Added views:workbench.debug.welcome in workbench.view.debug
