2024-09-21 21:29:58.167 [info] Extension host with pid 35521 started
2024-09-21 21:29:58.297 [info] ExtensionService#_doActivateExtension vscode.git-base, startup: true, activationEvent: '*', root cause: vscode.git
2024-09-21 21:29:58.409 [info] ExtensionService#_doActivateExtension vscode.git, startup: true, activationEvent: '*'
2024-09-21 21:29:58.474 [info] ExtensionService#_doActivateExtension vscode.github, startup: true, activationEvent: '*'
2024-09-21 21:29:58.573 [info] Eager extensions activated
2024-09-21 21:29:58.581 [info] ExtensionService#_doActivateExtension vscode.debug-auto-launch, startup: false, activationEvent: 'onStartupFinished'
2024-09-21 21:29:58.584 [info] ExtensionService#_doActivateExtension vscode.merge-conflict, startup: false, activationEvent: 'onStartupFinished'
2024-09-21 21:30:11.147 [info] ExtensionService#_doActivateExtension vscode.emmet, startup: false, activationEvent: 'onLanguage'
2024-09-21 21:30:22.814 [info] ExtensionService#_doActivateExtension vscode.configuration-editing, startup: false, activationEvent: 'onLanguage:jsonc'
2024-09-21 21:30:22.827 [info] ExtensionService#_doActivateExtension vscode.json-language-features, startup: false, activationEvent: 'onLanguage:jsonc'
2024-09-21 21:30:22.889 [info] ExtensionService#_doActivateExtension vscode.typescript-language-features, startup: false, activationEvent: 'onLanguage:jsonc'
2024-09-21 21:31:16.155 [info] Extension host terminating: renderer closed the MessagePort
2024-09-21 21:31:16.181 [info] Extension host with pid 35521 exiting with code 0
2024-09-21 21:31:17.376 [info] Extension host with pid 35745 started
2024-09-21 21:31:17.376 [info] Skipping acquiring lock for /home/adi/.config/Code/User/workspaceStorage/2d129f64680ca78405b4139850bb0147.
2024-09-21 21:31:17.462 [info] ExtensionService#_doActivateExtension vscode.git-base, startup: true, activationEvent: '*'
2024-09-21 21:31:17.488 [info] ExtensionService#_doActivateExtension vscode.github, startup: true, activationEvent: '*'
2024-09-21 21:31:17.509 [info] Eager extensions activated
2024-09-21 21:31:17.514 [info] ExtensionService#_doActivateExtension vscode.debug-auto-launch, startup: false, activationEvent: 'onStartupFinished'
2024-09-21 21:31:17.515 [info] ExtensionService#_doActivateExtension vscode.merge-conflict, startup: false, activationEvent: 'onStartupFinished'
2024-09-21 21:31:24.750 [info] ExtensionService#_doActivateExtension vscode.git, startup: false, activationEvent: 'api', root cause: vscode.github
2024-09-21 21:31:27.932 [info] ExtensionService#_doActivateExtension vscode.emmet, startup: false, activationEvent: 'onLanguage'
2024-09-21 21:32:21.384 [info] ExtensionService#_doActivateExtension vscode.configuration-editing, startup: false, activationEvent: 'onLanguage:jsonc'
2024-09-21 21:32:21.388 [info] ExtensionService#_doActivateExtension vscode.json-language-features, startup: false, activationEvent: 'onLanguage:jsonc'
2024-09-21 21:32:21.403 [info] ExtensionService#_doActivateExtension vscode.typescript-language-features, startup: false, activationEvent: 'onLanguage:jsonc'
2024-09-21 21:34:31.456 [info] Extension host terminating: renderer closed the MessagePort
2024-09-21 21:34:31.472 [info] Extension host with pid 35745 exiting with code 0
